# JRE version: Java(TM) SE Runtime Environment (8.0_241-b07) (build 1.8.0_241-b07)
# Java VM: Java HotSpot(TM) 64-Bit Server VM (25.241-b07 mixed mode windows-amd64 compressed oops)
Heap:
 PSYoungGen      total 442880K, used 384525K [0x00000000d5e00000, 0x00000000f6180000, 0x0000000100000000)
  eden space 384000K, 87% used [0x00000000d5e00000,0x00000000ea4fb8e0,0x00000000ed500000)
  from space 58880K, 84% used [0x00000000f1580000,0x00000000f4607ef8,0x00000000f4f00000)
  to   space 66048K, 0% used [0x00000000ed500000,0x00000000ed500000,0x00000000f1580000)
 ParOldGen       total 217088K, used 155838K [0x0000000081a00000, 0x000000008ee00000, 0x00000000d5e00000)
  object space 217088K, 71% used [0x0000000081a00000,0x000000008b22f998,0x000000008ee00000)
 Metaspace       used 30710K, capacity 30989K, committed 31360K, reserved 1077248K
  class space    used 3844K, capacity 3931K, committed 3968K, reserved 1048576K
GC Heap History (10 events):
Event: 15.631 GC heap before
{Heap before GC invocations=21 (full 2):
 PSYoungGen      total 290816K, used 290693K [0x00000000d5e00000, 0x00000000eea00000, 0x0000000100000000)
  eden space 281088K, 100% used [0x00000000d5e00000,0x00000000e7080000,0x00000000e7080000)
  from space 9728K, 98% used [0x00000000ee080000,0x00000000ee9e1770,0x00000000eea00000)
  to   space 17920K, 0% used [0x00000000ec700000,0x00000000ec700000,0x00000000ed880000)
 ParOldGen       total 115712K, used 54094K [0x0000000081a00000, 0x0000000088b00000, 0x00000000d5e00000)
  object space 115712K, 46% used [0x0000000081a00000,0x0000000084ed3990,0x0000000088b00000)
 Metaspace       used 26012K, capacity 26283K, committed 26624K, reserved 1073152K
  class space    used 3147K, capacity 3243K, committed 3328K, reserved 1048576K
Event: 15.646 GC heap after
Heap after GC invocations=21 (full 2):
 PSYoungGen      total 347136K, used 17899K [0x00000000d5e00000, 0x00000000ee100000, 0x0000000100000000)
  eden space 329216K, 0% used [0x00000000d5e00000,0x00000000d5e00000,0x00000000e9f80000)
  from space 17920K, 99% used [0x00000000ec700000,0x00000000ed87ad98,0x00000000ed880000)
  to   space 8704K, 0% used [0x00000000ed880000,0x00000000ed880000,0x00000000ee100000)
 ParOldGen       total 115712K, used 57666K [0x0000000081a00000, 0x0000000088b00000, 0x00000000d5e00000)
  object space 115712K, 49% used [0x0000000081a00000,0x0000000085250a38,0x0000000088b00000)
 Metaspace       used 26012K, capacity 26283K, committed 26624K, reserved 1073152K
  class space    used 3147K, capacity 3243K, committed 3328K, reserved 1048576K
}
Event: 18.037 GC heap before
{Heap before GC invocations=22 (full 2):
 PSYoungGen      total 347136K, used 347115K [0x00000000d5e00000, 0x00000000ee100000, 0x0000000100000000)
  eden space 329216K, 100% used [0x00000000d5e00000,0x00000000e9f80000,0x00000000e9f80000)
  from space 17920K, 99% used [0x00000000ec700000,0x00000000ed87ad98,0x00000000ed880000)
  to   space 8704K, 0% used [0x00000000ed880000,0x00000000ed880000,0x00000000ee100000)
 ParOldGen       total 115712K, used 57666K [0x0000000081a00000, 0x0000000088b00000, 0x00000000d5e00000)
  object space 115712K, 49% used [0x0000000081a00000,0x0000000085250a38,0x0000000088b00000)
 Metaspace       used 26806K, capacity 27057K, committed 27392K, reserved 1073152K
  class space    used 3217K, capacity 3308K, committed 3328K, reserved 1048576K
Event: 18.071 GC heap after
Heap after GC invocations=22 (full 2):
 PSYoungGen      total 358400K, used 8698K [0x00000000d5e00000, 0x00000000f2380000, 0x0000000100000000)
  eden space 349696K, 0% used [0x00000000d5e00000,0x00000000d5e00000,0x00000000eb380000)
  from space 8704K, 99% used [0x00000000ed880000,0x00000000ee0fe9a8,0x00000000ee100000)
  to   space 37888K, 0% used [0x00000000eb380000,0x00000000eb380000,0x00000000ed880000)
 ParOldGen       total 115712K, used 103067K [0x0000000081a00000, 0x0000000088b00000, 0x00000000d5e00000)
  object space 115712K, 89% used [0x0000000081a00000,0x0000000087ea6fb0,0x0000000088b00000)
 Metaspace       used 26806K, capacity 27057K, committed 27392K, reserved 1073152K
  class space    used 3217K, capacity 3308K, committed 3328K, reserved 1048576K
}
Event: 18.071 GC heap before
{Heap before GC invocations=23 (full 3):
 PSYoungGen      total 358400K, used 8698K [0x00000000d5e00000, 0x00000000f2380000, 0x0000000100000000)
  eden space 349696K, 0% used [0x00000000d5e00000,0x00000000d5e00000,0x00000000eb380000)
  from space 8704K, 99% used [0x00000000ed880000,0x00000000ee0fe9a8,0x00000000ee100000)
  to   space 37888K, 0% used [0x00000000eb380000,0x00000000eb380000,0x00000000ed880000)
 ParOldGen       total 115712K, used 103067K [0x0000000081a00000, 0x0000000088b00000, 0x00000000d5e00000)
  object space 115712K, 89% used [0x0000000081a00000,0x0000000087ea6fb0,0x0000000088b00000)
 Metaspace       used 26806K, capacity 27057K, committed 27392K, reserved 1073152K
  class space    used 3217K, capacity 3308K, committed 3328K, reserved 1048576K
Event: 18.413 GC heap after
Heap after GC invocations=23 (full 3):
 PSYoungGen      total 358400K, used 0K [0x00000000d5e00000, 0x00000000f2380000, 0x0000000100000000)
  eden space 349696K, 0% used [0x00000000d5e00000,0x00000000d5e00000,0x00000000eb380000)
  from space 8704K, 0% used [0x00000000ed880000,0x00000000ed880000,0x00000000ee100000)
  to   space 37888K, 0% used [0x00000000eb380000,0x00000000eb380000,0x00000000ed880000)
 ParOldGen       total 217088K, used 105687K [0x0000000081a00000, 0x000000008ee00000, 0x00000000d5e00000)
  object space 217088K, 48% used [0x0000000081a00000,0x0000000088135d18,0x000000008ee00000)
 Metaspace       used 26806K, capacity 27057K, committed 27392K, reserved 1073152K
  class space    used 3217K, capacity 3308K, committed 3328K, reserved 1048576K
}
Event: 21.059 GC heap before
{Heap before GC invocations=24 (full 3):
 PSYoungGen      total 358400K, used 349696K [0x00000000d5e00000, 0x00000000f2380000, 0x0000000100000000)
  eden space 349696K, 100% used [0x00000000d5e00000,0x00000000eb380000,0x00000000eb380000)
  from space 8704K, 0% used [0x00000000ed880000,0x00000000ed880000,0x00000000ee100000)
  to   space 37888K, 0% used [0x00000000eb380000,0x00000000eb380000,0x00000000ed880000)
 ParOldGen       total 217088K, used 105687K [0x0000000081a00000, 0x000000008ee00000, 0x00000000d5e00000)
  object space 217088K, 48% used [0x0000000081a00000,0x0000000088135d18,0x000000008ee00000)
 Metaspace       used 26821K, capacity 27057K, committed 27392K, reserved 1073152K
  class space    used 3217K, capacity 3308K, committed 3328K, reserved 1048576K
Event: 21.103 GC heap after
Heap after GC invocations=24 (full 3):
 PSYoungGen      total 387584K, used 37858K [0x00000000d5e00000, 0x00000000f4f00000, 0x0000000100000000)
  eden space 349696K, 0% used [0x00000000d5e00000,0x00000000d5e00000,0x00000000eb380000)
  from space 37888K, 99% used [0x00000000eb380000,0x00000000ed878a60,0x00000000ed880000)
  to   space 58880K, 0% used [0x00000000f1580000,0x00000000f1580000,0x00000000f4f00000)
 ParOldGen       total 217088K, used 143250K [0x0000000081a00000, 0x000000008ee00000, 0x00000000d5e00000)
  object space 217088K, 65% used [0x0000000081a00000,0x000000008a5e4b70,0x000000008ee00000)
 Metaspace       used 26821K, capacity 27057K, committed 27392K, reserved 1073152K
  class space    used 3217K, capacity 3308K, committed 3328K, reserved 1048576K
}
Event: 23.398 GC heap before
{Heap before GC invocations=25 (full 3):
 PSYoungGen      total 387584K, used 387554K [0x00000000d5e00000, 0x00000000f4f00000, 0x0000000100000000)
  eden space 349696K, 100% used [0x00000000d5e00000,0x00000000eb380000,0x00000000eb380000)
  from space 37888K, 99% used [0x00000000eb380000,0x00000000ed878a60,0x00000000ed880000)
  to   space 58880K, 0% used [0x00000000f1580000,0x00000000f1580000,0x00000000f4f00000)
 ParOldGen       total 217088K, used 143250K [0x0000000081a00000, 0x000000008ee00000, 0x00000000d5e00000)
  object space 217088K, 65% used [0x0000000081a00000,0x000000008a5e4b70,0x000000008ee00000)
 Metaspace       used 28085K, capacity 28273K, committed 28672K, reserved 1075200K
  class space    used 3399K, capacity 3500K, committed 3584K, reserved 1048576K
Event: 23.444 GC heap after
Heap after GC invocations=25 (full 3):
 PSYoungGen      total 442880K, used 49695K [0x00000000d5e00000, 0x00000000f6180000, 0x0000000100000000)
  eden space 384000K, 0% used [0x00000000d5e00000,0x00000000d5e00000,0x00000000ed500000)
  from space 58880K, 84% used [0x00000000f1580000,0x00000000f4607ef8,0x00000000f4f00000)
  to   space 66048K, 0% used [0x00000000ed500000,0x00000000ed500000,0x00000000f1580000)
 ParOldGen       total 217088K, used 155838K [0x0000000081a00000, 0x000000008ee00000, 0x00000000d5e00000)
  object space 217088K, 71% used [0x0000000081a00000,0x000000008b22f998,0x000000008ee00000)
 Metaspace       used 28085K, capacity 28273K, committed 28672K, reserved 1075200K
  class space    used 3399K, capacity 3500K, committed 3584K, reserved 1048576K
}

